{"/home/tkaufman/Springboard/Express.js/Express-Routing-Exercises/helpers.js": {"path":"/home/tkaufman/Springboard/Express.js/Express-Routing-Exercises/helpers.js","statementMap":{"0":{"start":{"line":8,"column":4},"end":{"line":11,"column":11}},"1":{"start":{"line":9,"column":8},"end":{"line":9,"column":41}},"2":{"start":{"line":10,"column":8},"end":{"line":10,"column":19}},"3":{"start":{"line":19,"column":22},"end":{"line":19,"column":49}},"4":{"start":{"line":21,"column":16},"end":{"line":21,"column":17}},"5":{"start":{"line":24,"column":4},"end":{"line":29,"column":5}},"6":{"start":{"line":25,"column":8},"end":{"line":28,"column":9}},"7":{"start":{"line":26,"column":12},"end":{"line":26,"column":31}},"8":{"start":{"line":27,"column":12},"end":{"line":27,"column":37}},"9":{"start":{"line":31,"column":4},"end":{"line":31,"column":25}},"10":{"start":{"line":43,"column":17},"end":{"line":43,"column":19}},"11":{"start":{"line":45,"column":4},"end":{"line":55,"column":5}},"12":{"start":{"line":45,"column":17},"end":{"line":45,"column":18}},"13":{"start":{"line":46,"column":26},"end":{"line":46,"column":50}},"14":{"start":{"line":48,"column":8},"end":{"line":52,"column":9}},"15":{"start":{"line":49,"column":12},"end":{"line":51,"column":14}},"16":{"start":{"line":54,"column":8},"end":{"line":54,"column":33}},"17":{"start":{"line":56,"column":4},"end":{"line":56,"column":18}},"18":{"start":{"line":60,"column":4},"end":{"line":60,"column":36}},"19":{"start":{"line":60,"column":27},"end":{"line":60,"column":36}},"20":{"start":{"line":61,"column":4},"end":{"line":63,"column":20}},"21":{"start":{"line":62,"column":8},"end":{"line":62,"column":25}},"22":{"start":{"line":69,"column":4},"end":{"line":69,"column":31}},"23":{"start":{"line":69,"column":24},"end":{"line":69,"column":29}},"24":{"start":{"line":70,"column":22},"end":{"line":70,"column":49}},"25":{"start":{"line":73,"column":4},"end":{"line":77,"column":5}},"26":{"start":{"line":74,"column":8},"end":{"line":74,"column":65}},"27":{"start":{"line":76,"column":8},"end":{"line":76,"column":35}},"28":{"start":{"line":78,"column":4},"end":{"line":78,"column":17}},"29":{"start":{"line":82,"column":0},"end":{"line":88,"column":2}}},"fnMap":{"0":{"name":"createFrequencyCounter","decl":{"start":{"line":7,"column":9},"end":{"line":7,"column":31}},"loc":{"start":{"line":7,"column":37},"end":{"line":12,"column":1}},"line":7},"1":{"name":"(anonymous_1)","decl":{"start":{"line":8,"column":22},"end":{"line":8,"column":23}},"loc":{"start":{"line":8,"column":43},"end":{"line":11,"column":5}},"line":8},"2":{"name":"findMode","decl":{"start":{"line":18,"column":9},"end":{"line":18,"column":17}},"loc":{"start":{"line":18,"column":23},"end":{"line":32,"column":1}},"line":18},"3":{"name":"name","decl":{"start":{"line":34,"column":15},"end":{"line":34,"column":19}},"loc":{"start":{"line":34,"column":28},"end":{"line":40,"column":1}},"line":34},"4":{"name":"convertAndValidateNumsArray","decl":{"start":{"line":42,"column":9},"end":{"line":42,"column":36}},"loc":{"start":{"line":42,"column":52},"end":{"line":57,"column":1}},"line":42},"5":{"name":"findMean","decl":{"start":{"line":59,"column":9},"end":{"line":59,"column":17}},"loc":{"start":{"line":59,"column":24},"end":{"line":64,"column":1}},"line":59},"6":{"name":"(anonymous_6)","decl":{"start":{"line":61,"column":23},"end":{"line":61,"column":24}},"loc":{"start":{"line":61,"column":43},"end":{"line":63,"column":5}},"line":61},"7":{"name":"findMedian","decl":{"start":{"line":66,"column":9},"end":{"line":66,"column":19}},"loc":{"start":{"line":66,"column":26},"end":{"line":79,"column":1}},"line":66},"8":{"name":"(anonymous_8)","decl":{"start":{"line":69,"column":14},"end":{"line":69,"column":15}},"loc":{"start":{"line":69,"column":24},"end":{"line":69,"column":29}},"line":69}},"branchMap":{"0":{"loc":{"start":{"line":9,"column":21},"end":{"line":9,"column":35}},"type":"binary-expr","locations":[{"start":{"line":9,"column":21},"end":{"line":9,"column":30}},{"start":{"line":9,"column":34},"end":{"line":9,"column":35}}],"line":9},"1":{"loc":{"start":{"line":25,"column":8},"end":{"line":28,"column":9}},"type":"if","locations":[{"start":{"line":25,"column":8},"end":{"line":28,"column":9}},{"start":{},"end":{}}],"line":25},"2":{"loc":{"start":{"line":48,"column":8},"end":{"line":52,"column":9}},"type":"if","locations":[{"start":{"line":48,"column":8},"end":{"line":52,"column":9}},{"start":{},"end":{}}],"line":48},"3":{"loc":{"start":{"line":60,"column":4},"end":{"line":60,"column":36}},"type":"if","locations":[{"start":{"line":60,"column":4},"end":{"line":60,"column":36}},{"start":{},"end":{}}],"line":60},"4":{"loc":{"start":{"line":73,"column":4},"end":{"line":77,"column":5}},"type":"if","locations":[{"start":{"line":73,"column":4},"end":{"line":77,"column":5}},{"start":{"line":75,"column":11},"end":{"line":77,"column":5}}],"line":73}},"s":{"0":1,"1":6,"2":6,"3":1,"4":1,"5":1,"6":3,"7":1,"8":1,"9":1,"10":0,"11":0,"12":0,"13":0,"14":0,"15":0,"16":0,"17":0,"18":2,"19":1,"20":1,"21":3,"22":2,"23":8,"24":2,"25":2,"26":1,"27":1,"28":2,"29":1},"f":{"0":1,"1":6,"2":1,"3":0,"4":0,"5":2,"6":3,"7":2,"8":8},"b":{"0":[6,3],"1":[1,2],"2":[0,0],"3":[1,1],"4":[1,1]},"_coverageSchema":"1a1c01bbd47fc00a2c39e90264f33305004495a9","hash":"9fe53554e302d5a8b08bd222f8ae0d7f8fc50219"}
}
