TN:
SF:helpers.js
FN:7,createFrequencyCounter
FN:8,(anonymous_1)
FN:18,findMode
FN:34,name
FN:42,convertAndValidateNumsArray
FN:59,findMean
FN:61,(anonymous_6)
FN:66,findMedian
FN:69,(anonymous_8)
FNF:9
FNH:7
FNDA:1,createFrequencyCounter
FNDA:6,(anonymous_1)
FNDA:1,findMode
FNDA:0,name
FNDA:0,convertAndValidateNumsArray
FNDA:2,findMean
FNDA:3,(anonymous_6)
FNDA:2,findMedian
FNDA:8,(anonymous_8)
DA:8,1
DA:9,6
DA:10,6
DA:19,1
DA:21,1
DA:24,1
DA:25,3
DA:26,1
DA:27,1
DA:31,1
DA:43,0
DA:45,0
DA:46,0
DA:48,0
DA:49,0
DA:54,0
DA:56,0
DA:60,2
DA:61,1
DA:62,3
DA:69,8
DA:70,2
DA:73,2
DA:74,1
DA:76,1
DA:78,2
DA:82,1
LF:27
LH:20
BRDA:9,0,0,6
BRDA:9,0,1,3
BRDA:25,1,0,1
BRDA:25,1,1,2
BRDA:48,2,0,0
BRDA:48,2,1,0
BRDA:60,3,0,1
BRDA:60,3,1,1
BRDA:73,4,0,1
BRDA:73,4,1,1
BRF:10
BRH:8
end_of_record
